<?xml version="1.0" encoding="UTF-8" standalone="yes"?><!DOCTYPE report PUBLIC "-//JACOCO//DTD Report 1.1//EN" "report.dtd"><report name="ListSorting"><sessioninfo id="MacBook-Pro-Dmitry.local-b620505" start="1696098623746" dump="1696098624776"/><sessioninfo id="MacBook-Pro-Dmitry.local-7c225218" start="1696098633172" dump="1696098634069"/><sessioninfo id="MacBook-Pro-Dmitry.local-9947a7a7" start="1696098652488" dump="1696098653353"/><sessioninfo id="MacBook-Pro-Dmitry.local-58fb4d1e" start="1696098683972" dump="1696098684825"/><sessioninfo id="MacBook-Pro-Dmitry.local-ee811d31" start="1696098807780" dump="1696098808658"/><sessioninfo id="MacBook-Pro-Dmitry.local-8ee1632a" start="1696098923252" dump="1696098924364"/><sessioninfo id="MacBook-Pro-Dmitry.local-65a6e7" start="1696099005684" dump="1696099006613"/><sessioninfo id="MacBook-Pro-Dmitry.local-d4feb354" start="1696099051620" dump="1696099052697"/><sessioninfo id="MacBook-Pro-Dmitry.local-438e05ae" start="1696152763864" dump="1696152764777"/><sessioninfo id="MacBook-Pro-Dmitry.local-9c91ed47" start="1696152898992" dump="1696152899911"/><sessioninfo id="MacBook-Pro-Dmitry.local-68624499" start="1696152923101" dump="1696152924057"/><sessioninfo id="MacBook-Pro-Dmitry.local-58f99b0d" start="1696152955243" dump="1696152956159"/><sessioninfo id="MacBook-Pro-Dmitry.local-2fec24ec" start="1696153260028" dump="1696153260997"/><sessioninfo id="MacBook-Pro-Dmitry.local-4496b8b9" start="1696153330148" dump="1696153331026"/><sessioninfo id="MacBook-Pro-Dmitry.local-9af1d270" start="1696153378933" dump="1696153380052"/><sessioninfo id="MacBook-Pro-Dmitry.local-faf791d6" start="1696153418088" dump="1696153419002"/><sessioninfo id="MacBook-Pro-Dmitry.local-31f9cc41" start="1696153449881" dump="1696153450781"/><sessioninfo id="MacBook-Pro-Dmitry.local-4ba46811" start="1696153481212" dump="1696153482119"/><sessioninfo id="MacBook-Pro-Dmitry.local-af21a178" start="1696153589671" dump="1696153590842"/><sessioninfo id="MacBook-Pro-Dmitry.local-74140c2a" start="1696153611738" dump="1696153612705"/><sessioninfo id="MacBook-Pro-Dmitry.local-841ba4a0" start="1696153706883" dump="1696153707856"/><sessioninfo id="MacBook-Pro-Dmitry.local-c3440f7b" start="1696153801961" dump="1696153802910"/><sessioninfo id="MacBook-Pro-Dmitry.local-58a14b33" start="1696153822751" dump="1696153823692"/><sessioninfo id="MacBook-Pro-Dmitry.local-74120157" start="1696153841691" dump="1696153842606"/><sessioninfo id="MacBook-Pro-Dmitry.local-189e4312" start="1696154083018" dump="1696154084090"/><sessioninfo id="MacBook-Pro-Dmitry.local-d2e5f07d" start="1696154232684" dump="1696154233767"/><sessioninfo id="MacBook-Pro-Dmitry.local-785aa7ab" start="1696154345960" dump="1696154346921"/><sessioninfo id="MacBook-Pro-Dmitry.local-733eed03" start="1696154367472" dump="1696154368542"/><sessioninfo id="MacBook-Pro-Dmitry.local-fc2244db" start="1696154471697" dump="1696154472656"/><sessioninfo id="MacBook-Pro-Dmitry.local-e0e5beb8" start="1696154493401" dump="1696154494460"/><sessioninfo id="MacBook-Pro-Dmitry.local-bf696da6" start="1696154688820" dump="1696154689872"/><sessioninfo id="MacBook-Pro-Dmitry.local-a7dc8e7c" start="1696155018851" dump="1696155020086"/><sessioninfo id="MacBook-Pro-Dmitry.local-e46192c1" start="1696155043810" dump="1696155044855"/><package name="org/example"><class name="org/example/UserList" sourcefilename="UserList.java"><method name="&lt;init&gt;" desc="(Ljava/util/List;)V" line="8"><counter type="INSTRUCTION" missed="0" covered="10"/><counter type="LINE" missed="0" covered="4"/><counter type="COMPLEXITY" missed="0" covered="1"/><counter type="METHOD" missed="0" covered="1"/></method><method name="getItem" desc="(I)I" line="14"><counter type="INSTRUCTION" missed="0" covered="7"/><counter type="LINE" missed="0" covered="1"/><counter type="COMPLEXITY" missed="0" covered="1"/><counter type="METHOD" missed="0" covered="1"/></method><method name="setItem" desc="(ILjava/lang/Integer;)V" line="18"><counter type="INSTRUCTION" missed="0" covered="7"/><counter type="LINE" missed="0" covered="2"/><counter type="COMPLEXITY" missed="0" covered="1"/><counter type="METHOD" missed="0" covered="1"/></method><method name="print" desc="()V" line="22"><counter type="INSTRUCTION" missed="0" covered="16"/><counter type="BRANCH" missed="0" covered="2"/><counter type="LINE" missed="0" covered="3"/><counter type="COMPLEXITY" missed="0" covered="2"/><counter type="METHOD" missed="0" covered="1"/></method><method name="returnList" desc="()Ljava/util/List;" line="28"><counter type="INSTRUCTION" missed="0" covered="3"/><counter type="LINE" missed="0" covered="1"/><counter type="COMPLEXITY" missed="0" covered="1"/><counter type="METHOD" missed="0" covered="1"/></method><counter type="INSTRUCTION" missed="0" covered="43"/><counter type="BRANCH" missed="0" covered="2"/><counter type="LINE" missed="0" covered="11"/><counter type="COMPLEXITY" missed="0" covered="6"/><counter type="METHOD" missed="0" covered="5"/><counter type="CLASS" missed="0" covered="1"/></class><class name="org/example/Main" sourcefilename="Main.java"><method name="&lt;init&gt;" desc="()V" line="4"><counter type="INSTRUCTION" missed="3" covered="0"/><counter type="LINE" missed="1" covered="0"/><counter type="COMPLEXITY" missed="1" covered="0"/><counter type="METHOD" missed="1" covered="0"/></method><method name="main" desc="([Ljava/lang/String;)V" line="6"><counter type="INSTRUCTION" missed="143" covered="0"/><counter type="LINE" missed="8" covered="0"/><counter type="COMPLEXITY" missed="1" covered="0"/><counter type="METHOD" missed="1" covered="0"/></method><counter type="INSTRUCTION" missed="146" covered="0"/><counter type="LINE" missed="9" covered="0"/><counter type="COMPLEXITY" missed="2" covered="0"/><counter type="METHOD" missed="2" covered="0"/><counter type="CLASS" missed="1" covered="0"/></class><class name="org/example/BubbleSort" sourcefilename="BubbleSort.java"><method name="&lt;init&gt;" desc="(Lorg/example/UserList;)V" line="6"><counter type="INSTRUCTION" missed="0" covered="6"/><counter type="LINE" missed="0" covered="3"/><counter type="COMPLEXITY" missed="0" covered="1"/><counter type="METHOD" missed="0" covered="1"/></method><method name="sort" desc="()Lorg/example/UserList;" line="12"><counter type="INSTRUCTION" missed="0" covered="6"/><counter type="LINE" missed="0" covered="1"/><counter type="COMPLEXITY" missed="0" covered="1"/><counter type="METHOD" missed="0" covered="1"/></method><method name="includedSort" desc="(I)Lorg/example/UserList;" line="16"><counter type="INSTRUCTION" missed="0" covered="48"/><counter type="BRANCH" missed="0" covered="6"/><counter type="LINE" missed="0" covered="7"/><counter type="COMPLEXITY" missed="0" covered="4"/><counter type="METHOD" missed="0" covered="1"/></method><counter type="INSTRUCTION" missed="0" covered="60"/><counter type="BRANCH" missed="0" covered="6"/><counter type="LINE" missed="0" covered="11"/><counter type="COMPLEXITY" missed="0" covered="6"/><counter type="METHOD" missed="0" covered="3"/><counter type="CLASS" missed="0" covered="1"/></class><class name="org/example/InterfaceSort" sourcefilename="InterfaceSort.java"/><class name="org/example/QuickSort" sourcefilename="QuickSort.java"><method name="&lt;init&gt;" desc="(Lorg/example/UserList;)V" line="6"><counter type="INSTRUCTION" missed="0" covered="6"/><counter type="LINE" missed="0" covered="3"/><counter type="COMPLEXITY" missed="0" covered="1"/><counter type="METHOD" missed="0" covered="1"/></method><method name="sort" desc="()Lorg/example/UserList;" line="12"><counter type="INSTRUCTION" missed="0" covered="13"/><counter type="LINE" missed="0" covered="2"/><counter type="COMPLEXITY" missed="0" covered="1"/><counter type="METHOD" missed="0" covered="1"/></method><method name="includedSort" desc="(Lorg/example/UserList;II)V" line="18"><counter type="INSTRUCTION" missed="0" covered="24"/><counter type="BRANCH" missed="0" covered="2"/><counter type="LINE" missed="0" covered="5"/><counter type="COMPLEXITY" missed="0" covered="2"/><counter type="METHOD" missed="0" covered="1"/></method><method name="partition" desc="(Lorg/example/UserList;II)I" line="27"><counter type="INSTRUCTION" missed="0" covered="61"/><counter type="BRANCH" missed="0" covered="4"/><counter type="LINE" missed="0" covered="12"/><counter type="COMPLEXITY" missed="0" covered="3"/><counter type="METHOD" missed="0" covered="1"/></method><counter type="INSTRUCTION" missed="0" covered="104"/><counter type="BRANCH" missed="0" covered="6"/><counter type="LINE" missed="0" covered="22"/><counter type="COMPLEXITY" missed="0" covered="7"/><counter type="METHOD" missed="0" covered="4"/><counter type="CLASS" missed="0" covered="1"/></class><class name="org/example/Processing" sourcefilename="Processing.java"><method name="&lt;init&gt;" desc="()V" line="3"><counter type="INSTRUCTION" missed="0" covered="3"/><counter type="LINE" missed="0" covered="1"/><counter type="COMPLEXITY" missed="0" covered="1"/><counter type="METHOD" missed="0" covered="1"/></method><method name="processSort" desc="(Lorg/example/UserList;I)Lorg/example/UserList;" line="5"><counter type="INSTRUCTION" missed="5" covered="10"/><counter type="BRANCH" missed="1" covered="2"/><counter type="LINE" missed="2" covered="3"/><counter type="COMPLEXITY" missed="1" covered="2"/><counter type="METHOD" missed="0" covered="1"/></method><method name="bSort" desc="(Lorg/example/UserList;)Lorg/example/UserList;" line="17"><counter type="INSTRUCTION" missed="0" covered="6"/><counter type="LINE" missed="0" covered="1"/><counter type="COMPLEXITY" missed="0" covered="1"/><counter type="METHOD" missed="0" covered="1"/></method><method name="qSort" desc="(Lorg/example/UserList;)Lorg/example/UserList;" line="21"><counter type="INSTRUCTION" missed="0" covered="6"/><counter type="LINE" missed="0" covered="1"/><counter type="COMPLEXITY" missed="0" covered="1"/><counter type="METHOD" missed="0" covered="1"/></method><counter type="INSTRUCTION" missed="5" covered="25"/><counter type="BRANCH" missed="1" covered="2"/><counter type="LINE" missed="2" covered="6"/><counter type="COMPLEXITY" missed="1" covered="5"/><counter type="METHOD" missed="0" covered="4"/><counter type="CLASS" missed="0" covered="1"/></class><sourcefile name="InterfaceSort.java"/><sourcefile name="Processing.java"><line nr="3" mi="0" ci="3" mb="0" cb="0"/><line nr="5" mi="0" ci="2" mb="1" cb="2"/><line nr="7" mi="0" ci="4" mb="0" cb="0"/><line nr="9" mi="0" ci="4" mb="0" cb="0"/><line nr="11" mi="3" ci="0" mb="0" cb="0"/><line nr="12" mi="2" ci="0" mb="0" cb="0"/><line nr="17" mi="0" ci="6" mb="0" cb="0"/><line nr="21" mi="0" ci="6" mb="0" cb="0"/><counter type="INSTRUCTION" missed="5" covered="25"/><counter type="BRANCH" missed="1" covered="2"/><counter type="LINE" missed="2" covered="6"/><counter type="COMPLEXITY" missed="1" covered="5"/><counter type="METHOD" missed="0" covered="4"/><counter type="CLASS" missed="0" covered="1"/></sourcefile><sourcefile name="Main.java"><line nr="4" mi="3" ci="0" mb="0" cb="0"/><line nr="6" mi="4" ci="0" mb="0" cb="0"/><line nr="8" mi="62" ci="0" mb="0" cb="0"/><line nr="9" mi="62" ci="0" mb="0" cb="0"/><line nr="11" mi="5" ci="0" mb="0" cb="0"/><line nr="12" mi="2" ci="0" mb="0" cb="0"/><line nr="14" mi="5" ci="0" mb="0" cb="0"/><line nr="15" mi="2" ci="0" mb="0" cb="0"/><line nr="16" mi="1" ci="0" mb="0" cb="0"/><counter type="INSTRUCTION" missed="146" covered="0"/><counter type="LINE" missed="9" covered="0"/><counter type="COMPLEXITY" missed="2" covered="0"/><counter type="METHOD" missed="2" covered="0"/><counter type="CLASS" missed="1" covered="0"/></sourcefile><sourcefile name="QuickSort.java"><line nr="6" mi="0" ci="2" mb="0" cb="0"/><line nr="7" mi="0" ci="3" mb="0" cb="0"/><line nr="8" mi="0" ci="1" mb="0" cb="0"/><line nr="12" mi="0" ci="10" mb="0" cb="0"/><line nr="14" mi="0" ci="3" mb="0" cb="0"/><line nr="18" mi="0" ci="3" mb="0" cb="2"/><line nr="19" mi="0" ci="6" mb="0" cb="0"/><line nr="21" mi="0" ci="7" mb="0" cb="0"/><line nr="22" mi="0" ci="7" mb="0" cb="0"/><line nr="24" mi="0" ci="1" mb="0" cb="0"/><line nr="27" mi="0" ci="4" mb="0" cb="0"/><line nr="28" mi="0" ci="4" mb="0" cb="0"/><line nr="30" mi="0" ci="7" mb="0" cb="2"/><line nr="31" mi="0" ci="5" mb="0" cb="2"/><line nr="32" mi="0" ci="1" mb="0" cb="0"/><line nr="34" mi="0" ci="4" mb="0" cb="0"/><line nr="35" mi="0" ci="7" mb="0" cb="0"/><line nr="36" mi="0" ci="5" mb="0" cb="0"/><line nr="40" mi="0" ci="6" mb="0" cb="0"/><line nr="41" mi="0" ci="9" mb="0" cb="0"/><line nr="42" mi="0" ci="5" mb="0" cb="0"/><line nr="44" mi="0" ci="4" mb="0" cb="0"/><counter type="INSTRUCTION" missed="0" covered="104"/><counter type="BRANCH" missed="0" covered="6"/><counter type="LINE" missed="0" covered="22"/><counter type="COMPLEXITY" missed="0" covered="7"/><counter type="METHOD" missed="0" covered="4"/><counter type="CLASS" missed="0" covered="1"/></sourcefile><sourcefile name="UserList.java"><line nr="8" mi="0" ci="2" mb="0" cb="0"/><line nr="9" mi="0" ci="3" mb="0" cb="0"/><line nr="10" mi="0" ci="4" mb="0" cb="0"/><line nr="11" mi="0" ci="1" mb="0" cb="0"/><line nr="14" mi="0" ci="7" mb="0" cb="0"/><line nr="18" mi="0" ci="6" mb="0" cb="0"/><line nr="19" mi="0" ci="1" mb="0" cb="0"/><line nr="22" mi="0" ci="8" mb="0" cb="2"/><line nr="23" mi="0" ci="7" mb="0" cb="0"/><line nr="25" mi="0" ci="1" mb="0" cb="0"/><line nr="28" mi="0" ci="3" mb="0" cb="0"/><counter type="INSTRUCTION" missed="0" covered="43"/><counter type="BRANCH" missed="0" covered="2"/><counter type="LINE" missed="0" covered="11"/><counter type="COMPLEXITY" missed="0" covered="6"/><counter type="METHOD" missed="0" covered="5"/><counter type="CLASS" missed="0" covered="1"/></sourcefile><sourcefile name="BubbleSort.java"><line nr="6" mi="0" ci="2" mb="0" cb="0"/><line nr="7" mi="0" ci="3" mb="0" cb="0"/><line nr="8" mi="0" ci="1" mb="0" cb="0"/><line nr="12" mi="0" ci="6" mb="0" cb="0"/><line nr="16" mi="0" ci="7" mb="0" cb="2"/><line nr="17" mi="0" ci="9" mb="0" cb="2"/><line nr="18" mi="0" ci="9" mb="0" cb="2"/><line nr="19" mi="0" ci="5" mb="0" cb="0"/><line nr="20" mi="0" ci="9" mb="0" cb="0"/><line nr="21" mi="0" ci="6" mb="0" cb="0"/><line nr="25" mi="0" ci="3" mb="0" cb="0"/><counter type="INSTRUCTION" missed="0" covered="60"/><counter type="BRANCH" missed="0" covered="6"/><counter type="LINE" missed="0" covered="11"/><counter type="COMPLEXITY" missed="0" covered="6"/><counter type="METHOD" missed="0" covered="3"/><counter type="CLASS" missed="0" covered="1"/></sourcefile><counter type="INSTRUCTION" missed="151" covered="232"/><counter type="BRANCH" missed="1" covered="16"/><counter type="LINE" missed="11" covered="50"/><counter type="COMPLEXITY" missed="3" covered="24"/><counter type="METHOD" missed="2" covered="16"/><counter type="CLASS" missed="1" covered="4"/></package><counter type="INSTRUCTION" missed="151" covered="232"/><counter type="BRANCH" missed="1" covered="16"/><counter type="LINE" missed="11" covered="50"/><counter type="COMPLEXITY" missed="3" covered="24"/><counter type="METHOD" missed="2" covered="16"/><counter type="CLASS" missed="1" covered="4"/></report>