<?xml version="1.0" encoding="UTF-8" standalone="yes"?><!DOCTYPE report PUBLIC "-//JACOCO//DTD Report 1.1//EN" "report.dtd"><report name="ListSorting"><sessioninfo id="MacBook-Pro-Dmitry.local-b620505" start="1696098623746" dump="1696098624776"/><sessioninfo id="MacBook-Pro-Dmitry.local-7c225218" start="1696098633172" dump="1696098634069"/><sessioninfo id="MacBook-Pro-Dmitry.local-9947a7a7" start="1696098652488" dump="1696098653353"/><sessioninfo id="MacBook-Pro-Dmitry.local-58fb4d1e" start="1696098683972" dump="1696098684825"/><sessioninfo id="MacBook-Pro-Dmitry.local-ee811d31" start="1696098807780" dump="1696098808658"/><sessioninfo id="MacBook-Pro-Dmitry.local-8ee1632a" start="1696098923252" dump="1696098924364"/><sessioninfo id="MacBook-Pro-Dmitry.local-65a6e7" start="1696099005684" dump="1696099006613"/><sessioninfo id="MacBook-Pro-Dmitry.local-d4feb354" start="1696099051620" dump="1696099052697"/><package name="org/example"><class name="org/example/Main" sourcefilename="Main.java"><method name="&lt;init&gt;" desc="()V" line="3"><counter type="INSTRUCTION" missed="3" covered="0"/><counter type="LINE" missed="1" covered="0"/><counter type="COMPLEXITY" missed="1" covered="0"/><counter type="METHOD" missed="1" covered="0"/></method><counter type="INSTRUCTION" missed="3" covered="0"/><counter type="LINE" missed="1" covered="0"/><counter type="COMPLEXITY" missed="1" covered="0"/><counter type="METHOD" missed="1" covered="0"/><counter type="CLASS" missed="1" covered="0"/></class><sourcefile name="Main.java"><line nr="3" mi="3" ci="0" mb="0" cb="0"/><counter type="INSTRUCTION" missed="3" covered="0"/><counter type="LINE" missed="1" covered="0"/><counter type="COMPLEXITY" missed="1" covered="0"/><counter type="METHOD" missed="1" covered="0"/><counter type="CLASS" missed="1" covered="0"/></sourcefile><counter type="INSTRUCTION" missed="3" covered="0"/><counter type="LINE" missed="1" covered="0"/><counter type="COMPLEXITY" missed="1" covered="0"/><counter type="METHOD" missed="1" covered="0"/><counter type="CLASS" missed="1" covered="0"/></package><counter type="INSTRUCTION" missed="3" covered="0"/><counter type="LINE" missed="1" covered="0"/><counter type="COMPLEXITY" missed="1" covered="0"/><counter type="METHOD" missed="1" covered="0"/><counter type="CLASS" missed="1" covered="0"/></report>